  Assembling Dijkstra.asm...
Dijkstra.asm(1): error A2013: .MODEL must precede this directive
Dijkstra.asm(3): error A2034: must be in segment block : MYD
Dijkstra.asm(12): error A2012: PROC, MACRO, or macro repeat directive must precede LOCAL
Dijkstra.asm(13): error A2012: PROC, MACRO, or macro repeat directive must precede LOCAL
Dijkstra.asm(14): error A2012: PROC, MACRO, or macro repeat directive must precede LOCAL
Dijkstra.asm(15): error A2012: PROC, MACRO, or macro repeat directive must precede LOCAL
Dijkstra.asm(16): error A2012: PROC, MACRO, or macro repeat directive must precede LOCAL
Dijkstra.asm(17): error A2034: must be in segment block
Dijkstra.asm(18): error A2034: must be in segment block
Dijkstra.asm(20): error A2034: must be in segment block
Dijkstra.asm(21): error A2034: must be in segment block
Dijkstra.asm(22): error A2034: must be in segment block
Dijkstra.asm(23): error A2034: must be in segment block
Dijkstra.asm(24): error A2034: must be in segment block
Dijkstra.asm(25): error A2034: must be in segment block
Dijkstra.asm(26): error A2034: must be in segment block
Dijkstra.asm(27): error A2034: must be in segment block
Dijkstra.asm(28): error A2034: must be in segment block
Dijkstra.asm(30): error A2034: must be in segment block
Dijkstra.asm(31): error A2034: must be in segment block
Dijkstra.asm(34): error A2034: must be in segment block
Dijkstra.asm(35): error A2034: must be in segment block
Dijkstra.asm(36): error A2034: must be in segment block
Dijkstra.asm(37): error A2034: must be in segment block
Dijkstra.asm(38): error A2034: must be in segment block
Dijkstra.asm(39): error A2034: must be in segment block
Dijkstra.asm(40): error A2034: must be in segment block
Dijkstra.asm(41): error A2034: must be in segment block
Dijkstra.asm(42): error A2034: must be in segment block
Dijkstra.asm(45): error A2034: must be in segment block
Dijkstra.asm(46): error A2034: must be in segment block
Dijkstra.asm(47): error A2034: must be in segment block
Dijkstra.asm(48): error A2034: must be in segment block
Dijkstra.asm(51): error A2034: must be in segment block
Dijkstra.asm(52): error A2034: must be in segment block
Dijkstra.asm(53): error A2034: must be in segment block
Dijkstra.asm(54): error A2034: must be in segment block
Dijkstra.asm(55): error A2034: must be in segment block
Dijkstra.asm(58): error A2034: must be in segment block
Dijkstra.asm(59): error A2034: must be in segment block
Dijkstra.asm(62): error A2034: must be in segment block
Dijkstra.asm(63): error A2034: must be in segment block
Dijkstra.asm(64): error A2034: must be in segment block
Dijkstra.asm(66): error A2034: must be in segment block
Dijkstra.asm(67): error A2034: must be in segment block
Dijkstra.asm(68): error A2034: must be in segment block
Dijkstra.asm(69): error A2034: must be in segment block
Dijkstra.asm(70): error A2034: must be in segment block
Dijkstra.asm(71): error A2034: must be in segment block
Dijkstra.asm(74): error A2034: must be in segment block
Dijkstra.asm(75): error A2034: must be in segment block
Dijkstra.asm(76): error A2034: must be in segment block
Dijkstra.asm(77): error A2034: must be in segment block
Dijkstra.asm(82): error A2034: must be in segment block
Dijkstra.asm(83): error A2034: must be in segment block
Dijkstra.asm(84): error A2034: must be in segment block
Dijkstra.asm(85): error A2034: must be in segment block
Dijkstra.asm(87): error A2034: must be in segment block
Dijkstra.asm(88): error A2034: must be in segment block
Dijkstra.asm(89): error A2034: must be in segment block
Dijkstra.asm(92): error A2034: must be in segment block
Dijkstra.asm(95): error A2034: must be in segment block
Dijkstra.asm(96): error A2034: must be in segment block
Dijkstra.asm(97): error A2034: must be in segment block
Dijkstra.asm(98): error A2034: must be in segment block
Dijkstra.asm(101): error A2034: must be in segment block
Dijkstra.asm(104): error A2034: must be in segment block
Dijkstra.asm(105): error A2034: must be in segment block
Dijkstra.asm(106): error A2034: must be in segment block
Dijkstra.asm(107): error A2034: must be in segment block
Dijkstra.asm(108): error A2034: must be in segment block
Dijkstra.asm(109): error A2034: must be in segment block
Dijkstra.asm(114): error A2034: must be in segment block
Dijkstra.asm(115): error A2034: must be in segment block
Dijkstra.asm(116): error A2034: must be in segment block
Dijkstra.asm(117): fatal error A1010: unmatched block nesting : MYD
G:\Visual Studio\MSBuild\Microsoft\VC\v170\BuildCustomizations\masm.targets(70,5): error MSB3721: выход из команды "ml.exe /c /nologo /Zi /Fo"Debug\Dijkstra.obj" /W3 /errorReport:prompt  /TaDijkstra.asm" с кодом "1".
